#seq_id	res_range	classtype	class	bs_type	bs_template	partner_descr	residues	bs_percseqident	bs_percseqsim	bs_numident	bs_numaln	bs_tmpl_numres	bs_fracaln	wholedom_numident	wholedom_aln_length	wholedom_percseqident	wholedom_percseqsim
ENSP00000226730	26-153	fam	a.26.1.2	exp			26, 27, 28, 29, 30, 31, 32, 33, 34, 35, 36, 37, 38, 39, 40, 41, 42, 43, 44, 45, 46, 47, 48, 49, 50, 51, 52, 53, 54, 55, 56, 57, 58, 59, 60, 61, 62, 63, 64, 65, 66, 67, 68, 69, 70, 71, 72, 73, 74, 75, 76, 77, 78, 79, 80, 81, 82, 83, 84, 85, 86, 87, 88, 89, 90, 91, 92, 93, 94, 95, 96, 97, 98, 99, 100, 101, 102, 103, 104, 105, 106, 107, 108, 109, 110, 111, 112, 113, 114, 115, 116, 117, 118, 119, 120, 121, 122, 123, 124, 125, 126, 127, 128, 129, 130, 131, 132, 133, 134, 135, 136, 137, 138, 139, 140, 141, 142, 143, 144, 145, 146, 147, 148, 149, 150, 151, 152, 153
ENSP00000226730	26-153	fam	a.26.1.2	L	d1m4ba_:1m4b:NMP:001	MW=400.541	61, 62, 63, 64, 65, 81, 82, 85, 88	0.889	0.920	8	9	9	1.000	127	196	0.648	0.649
ENSP00000226730	26-153	fam	a.26.1.2	L	d1m48a_:1m48:FRG:001	MW=446.542	55, 58, 59, 61, 62, 63, 64, 65, 82, 85, 89, 92, 93	1.000	1.000	13	13	13	1.000	127	196	0.648	0.648
ENSP00000226730	26-153	fam	a.26.1.2	L	d1nbpa_:1nbp:MHC:001	MW=260.356	43, 44, 47, 48, 50, 51, 52, 55, 59, 90, 93, 94, 98, 100, 101, 102, 105	0.941	0.963	16	17	17	1.000	127	196	0.648	0.650
ENSP00000226730	26-153	fam	a.26.1.2	L	d1py2c_:1py2:FRH:006	MW=662.564	55, 58, 59, 61, 62, 63, 64, 65, 82, 85, 88, 92, 93, 131	1.000	1.000	14	14	14	1.000	125	196	0.638	0.638
ENSP00000226730	26-153	fam	a.26.1.2	L	d1m4aa_:1m4a:MPE:001	MW=266.317	47, 48, 51, 52, 55, 56, 58, 59, 62, 89, 92, 93	0.917	0.948	11	12	12	1.000	125	196	0.638	0.640
ENSP00000226730	26-153	fam	a.26.1.2	L	d1m48b_:1m48:FRG:002	MW=446.542	51, 55, 58, 59, 61, 62, 63, 64, 65, 82, 85, 89, 92, 93, 96	1.000	1.000	15	15	15	1.000	128	196	0.653	0.653
#ENSP00000226730	26-153	fam	a.26.1.2	p	no templates
ENSP00000226730	26-153	fam	a.26.1.2	P	BDP75509-0_SCOP.d2erja2:BDP75509-0_SCOP.d2erjd1:2	chains=diff;class=g.18.1.1	55, 57, 58, 61, 62, 63, 64, 65, 80, 81, 82, 84, 85, 86, 88, 89, 91, 92, 125, 127	1.000	1.000	20	20	20	1.000	127	196	0.648	0.651
ENSP00000226730	26-153	fam	a.26.1.2	P	BDP61890-0_SCOP.d1z92a1:BDP61890-0_SCOP.d1z92b1:1	chains=diff;class=g.18.1.1	54, 55, 57, 58, 61, 62, 63, 64, 65, 81, 82, 85, 86, 88, 89, 91, 92, 125, 126, 127, 128, 129	1.000	1.000	22	22	22	1.000	128	196	0.653	0.653
ENSP00000226730	26-153	fam	a.26.1.2	P	BDP29476-0_SCOP.d1m48a_:BDP29476-0_SCOP.d1m48b_:1	chains=diff;class=a.26.1.2	28, 29, 32, 33, 35, 36, 39, 40, 42, 43, 46, 49, 50, 108, 112	0.938	0.938	15	15	16	0.938	127	196	0.648	0.648
ENSP00000226730	26-153	fam	a.26.1.2	P	BDP29476-0_SCOP.d1m48a_:BDP29476-0_SCOP.d1m48b_:2	chains=diff;class=a.26.1.2	28, 29, 32, 33, 35, 36, 39, 40, 42, 43, 46, 49, 50, 104, 105, 108	0.941	0.941	16	16	17	0.941	128	196	0.653	0.653
ENSP00000226730	26-153	fam	a.26.1.2	P	BDP75509-0_SCOP.d2erje2:BDP75509-0_SCOP.d2erjh1:2	chains=diff;class=g.18.1.1	54, 55, 57, 58, 61, 62, 63, 64, 65, 80, 81, 82, 84, 85, 88, 89, 91, 92, 124, 125, 127	1.000	1.000	21	21	21	1.000	127	196	0.648	0.651
ENSP00000226730	26-153	fam	a.26.1.2	P	BDP102522-0_SCOP.d3inkc_:BDP102522-0_SCOP.d3inkd_:2	chains=diff;class=a.26.1.2	55, 58, 62, 63, 65, 81, 82, 84, 85, 88, 89, 91, 92, 127	1.000	1.000	14	14	14	1.000	127	196	0.648	0.651
ENSP00000226730	26-153	fam	a.26.1.2	P	BDP102522-0_SCOP.d3inkc_:BDP102522-0_SCOP.d3inkd_:1	chains=diff;class=a.26.1.2	84, 87, 101, 103, 104, 107, 108, 110, 111, 114, 115	1.000	1.000	11	11	11	1.000	127	196	0.648	0.651
ENSP00000226730	26-153	fam	a.26.1.2	P	BDP67007-0_SCOP.d2b5ia1:BDP67007-0_SCOP.d2b5id1:1	chains=diff;class=g.18.1.1	55, 58, 61, 62, 63, 64, 65, 81, 82, 84, 85, 86, 88, 89, 91, 92, 94, 127	1.000	1.000	18	18	18	1.000	128	196	0.653	0.653
ENSP00000226730	26-153	fam	a.26.1.2	P	BDP67007-0_SCOP.d2b5ia1:BDP67007-0_SCOP.d2b5ib1:1	chains=diff;class=b.1.2.1	33, 36, 101, 104, 107, 108, 111, 112, 115	1.000	1.000	9	9	9	1.000	128	196	0.653	0.653
ENSP00000258148	134-229	fam	a.42.1.1	exp			134, 135, 136, 137, 138, 140, 141, 142, 143, 144, 145, 147, 148, 149, 150, 151, 152, 153, 154, 155, 156, 157, 158, 170, 171, 172, 174, 175, 176, 177, 178, 179, 180, 181, 182, 183, 184, 185, 186, 187, 188, 189, 190, 191, 192, 193, 194, 196, 197, 198, 199, 200, 201, 203, 204, 205, 207, 208, 209, 210, 211, 212, 213, 214, 215, 216, 217, 218, 219, 220, 221, 222, 223, 224, 225, 226, 227, 228
#ENSP00000258148	134-229	fam	a.42.1.1	L	sub-threshold templates
#ENSP00000258148	134-229	fam	a.42.1.1	p	sub-threshold templates
#ENSP00000258148	134-229	fam	a.42.1.1	P	sub-threshold templates
ENSP00000258148	17-123	fam	a.42.1.1	exp			25, 26, 27, 28, 29, 31, 32, 33, 34, 35, 36, 38, 39, 40, 41, 42, 43, 44, 45, 46, 47, 48, 49, 50, 51, 52, 54, 55, 56, 57, 58, 59, 60, 61, 62, 63, 64, 65, 66, 67, 68, 69, 70, 71, 72, 73, 74, 76, 77, 78, 79, 80, 81, 83, 84, 85, 87, 88, 89, 90, 91, 92, 93, 94, 95, 96, 97, 98, 99, 100, 101, 102, 103, 104, 105, 106, 107, 108, 109
ENSP00000258148	17-123	fam	a.42.1.1	L	d1ttva_:1ttv:IMY:001	MW=567.506	50, 54, 55, 57, 58, 59, 61, 62, 67, 72, 73, 74, 75, 82, 86, 91, 93, 94, 96, 99, 100, 102, 103	0.957	0.988	22	23	23	1.000	66	110	0.600	0.693
ENSP00000258148	17-123	fam	a.42.1.1	L	d1rv1a_:1rv1:IMZ:004	MW=686.434	26, 28, 50, 100, 103, 104, 107, 109	1.000	1.000	8	8	8	1.000	84	110	0.764	0.765
ENSP00000258148	17-123	fam	a.42.1.1	L	d1t4ea1:1t4e:DIZ:001	MW=581.186	54, 55, 57, 58, 61, 62, 67, 72, 73, 75, 86, 91, 93, 96, 99, 100	1.000	1.000	16	16	16	1.000	85	110	0.773	0.773
ENSP00000258148	17-123	fam	a.42.1.1	L	d1rv1c_:1rv1:IMZ:003	MW=686.434	54, 57, 58, 61, 62, 72, 73, 86, 91, 93, 96, 99, 100	1.000	1.000	13	13	13	1.000	84	110	0.764	0.765
ENSP00000258148	17-123	fam	a.42.1.1	L	d1rv1b_:1rv1:IMZ:005	MW=686.434	25, 26, 28, 50, 100, 103, 104, 107, 109	1.000	1.000	9	9	9	1.000	84	110	0.764	0.765
ENSP00000258148	17-123	fam	a.42.1.1	L	d1rv1a_:1rv1:IMZ:003	MW=686.434	50, 51, 54, 96, 100	1.000	1.000	5	5	5	1.000	84	110	0.764	0.765
ENSP00000258148	17-123	fam	a.42.1.1	L	d1t4eb1:1t4e:DIZ:002	MW=581.186	54, 55, 57, 58, 61, 62, 67, 72, 75, 86, 91, 93, 96, 99, 100	1.000	1.000	15	15	15	1.000	85	110	0.773	0.773
ENSP00000258148	17-123	fam	a.42.1.1	L	d1rv1b_:1rv1:IMZ:002	MW=686.434	54, 57, 58, 61, 62, 67, 72, 73, 75, 86, 91, 93, 96, 99, 100	1.000	1.000	15	15	15	1.000	84	110	0.764	0.765
ENSP00000258148	17-123	fam	a.42.1.1	L	d1rv1a_:1rv1:IMZ:001	MW=686.434	54, 57, 58, 61, 62, 67, 72, 73, 75, 86, 91, 93, 96, 99, 100	1.000	1.000	15	15	15	1.000	84	110	0.764	0.765
ENSP00000258148	17-123	fam	a.42.1.1	p	BDP46950-0_SCOP.d1t4fm1:BDP46950-2_CHAIN-P	peptide_length=9	54, 55, 57, 58, 59, 61, 62, 67, 72, 73, 75, 91, 93, 94, 96, 99, 100	1.000	1.000	17	17	17	1.000	85	110	0.773	0.773
ENSP00000258148	17-123	fam	a.42.1.1	p	BDP66424-0_SCOP.d2axia1:BDP66424-2_CHAIN-B	peptide_length=8	51, 54, 55, 58, 59, 61, 62, 67, 72, 75, 93, 96, 99, 100	1.000	1.000	14	14	14	1.000	85	110	0.773	0.773
ENSP00000258148	17-123	fam	a.42.1.1	p	BDP59564-0_SCOP.d1ycra_:BDP59564-2_CHAIN-B	peptide_length=13	25, 26, 50, 51, 54, 55, 57, 58, 61, 62, 67, 70, 71, 72, 73, 75, 91, 93, 94, 96, 99, 100, 103, 104	1.000	1.000	24	24	24	1.000	85	110	0.773	0.773
ENSP00000258148	17-123	fam	a.42.1.1	P	BDP46947-0_SCOP.d1t4ea1:BDP46947-0_SCOP.d1t4eb1:1	chains=diff;class=a.42.1.1	68, 70, 71, 74, 76, 78, 87, 88, 89, 90, 91, 92, 95, 98, 102	1.000	1.000	15	15	15	1.000	85	110	0.773	0.773
ENSP00000258148	17-123	fam	a.42.1.1	P	BDP46947-0_SCOP.d1t4ea1:BDP46947-0_SCOP.d1t4eb1:2	chains=diff;class=a.42.1.1	68, 70, 71, 73, 74, 76, 78, 79, 88, 89, 90, 91, 92	1.000	1.000	13	13	13	1.000	85	110	0.773	0.773
ENSP00000258148	61-85,382-430	fam	g.44.1.1	exp			384, 385, 386, 387, 388, 389, 390, 391, 392, 395, 396, 397, 398, 399, 400, 401, 402, 403, 405, 406, 407, 408, 409, 410, 411, 412, 413, 414, 415, 416, 417, 418, 419, 420, 421, 422, 423, 424, 425, 426, 427
#ENSP00000258148	61-85,382-430	fam	g.44.1.1	L	no templates
#ENSP00000258148	61-85,382-430	fam	g.44.1.1	p	sub-threshold templates
ENSP00000258148	61-85,382-430	fam	g.44.1.1	P	BDP12928-0_SCOP.d1fbva4:BDP12928-0_SCOP.d1fbvc_:1	chains=diff;class=d.20.1.1	384, 385, 386, 387, 388, 409, 412, 415, 421, 422, 423, 424	0.300	0.419	6	12	20	0.600	14	129	0.109	0.199
ENSP00000258148	61-85,382-430	fam	g.44.1.1	P	BDP50966-0_SCOP.d1ur6a_:BDP50966-0_SCOP.d1ur6b_:2	chains=diff;class=d.20.1.1	384, 385, 386, 387, 388, 389, 402, 408, 409, 412, 415, 416, 417, 419, 420, 421, 422, 423, 424	0.333	0.595	7	19	21	0.905	11	129	0.085	0.185
ENSP00000258148	235-280	fam	g.41.11.1	exp			235, 236, 237, 238, 239, 240, 241, 242, 243, 244, 245, 246, 247, 248, 249, 251, 252, 253, 254, 255, 256, 257, 258, 259, 260, 261, 262, 263, 265, 266, 267, 268, 269, 270, 271, 272, 273, 274, 275, 276, 277, 278, 279, 280
#ENSP00000258148	235-280	fam	g.41.11.1	L	no templates
#ENSP00000258148	235-280	fam	g.41.11.1	p	no templates
#ENSP00000258148	235-280	fam	g.41.11.1	P	sub-threshold templates
ENSP00000365290	86-233	fam	b.22.1.1	exp			86, 87, 88, 89, 90, 91, 92, 93, 94, 95, 96, 97, 98, 99, 100, 101, 102, 103, 104, 105, 106, 107, 108, 109, 110, 111, 112, 113, 114, 115, 116, 117, 118, 119, 120, 121, 122, 123, 124, 125, 126, 127, 128, 129, 130, 131, 132, 133, 135, 136, 137, 139, 140, 141, 142, 143, 144, 145, 146, 147, 148, 149, 150, 151, 152, 153, 154, 155, 156, 157, 158, 159, 160, 161, 162, 163, 164, 165, 166, 167, 168, 169, 170, 171, 172, 173, 174, 175, 176, 177, 178, 179, 180, 181, 182, 183, 184, 185, 186, 187, 188, 189, 190, 191, 192, 193, 194, 195, 196, 197, 198, 199, 200, 201, 203, 204, 205, 206, 207, 208, 209, 210, 211, 212, 213, 214, 215, 216, 217, 218, 219, 220, 221, 222, 223, 224, 225, 226, 227, 228, 230, 231, 232, 233
ENSP00000365290	86-233	fam	b.22.1.1	L	d2az5a1:2az5:307:001	MW=547.611	133, 134, 135, 136, 137, 195, 196, 197, 198, 227	1.000	1.000	10	10	10	1.000	148	182	0.813	0.813
ENSP00000365290	86-233	fam	b.22.1.1	L	d2az5d1:2az5:307:002	MW=547.611	133, 135, 136, 137, 195, 196, 197, 227, 231	1.000	1.000	9	9	9	1.000	148	182	0.813	0.813
ENSP00000365290	86-233	fam	b.22.1.1	L	d2az5c1:2az5:307:002	MW=547.611	133, 134, 135, 136, 137, 195, 196, 197, 198, 199, 227	1.000	1.000	11	11	11	1.000	148	182	0.813	0.813
ENSP00000365290	86-233	fam	b.22.1.1	L	d2az5b1:2az5:307:001	MW=547.611	133, 135, 136, 137, 195, 196, 197, 227, 231	1.000	1.000	9	9	9	1.000	148	182	0.813	0.813
#ENSP00000365290	86-233	fam	b.22.1.1	p	sub-threshold templates
ENSP00000365290	86-233	fam	b.22.1.1	P	BDP1045-0_SCOP.d1a8ma_:BDP1045-0_SCOP.d1a8mc_:1	chains=diff;class=b.22.1.1	89, 91, 110, 112, 133, 135, 137, 139, 143, 144, 145, 174, 180, 182, 188, 189, 190, 191, 192, 193, 195, 219, 222, 223, 224, 225, 227, 231, 233	0.879	0.879	29	29	33	0.879	147	182	0.808	0.809
ENSP00000365290	86-233	fam	b.22.1.1	P	BDP43066-0_SCOP.d1rj7h_:BDP43066-0_SCOP.d1rj7j_:2	chains=diff;class=b.22.1.1	133, 135, 137, 139, 174, 184, 190, 191, 192, 193, 195, 223, 224, 225, 227, 230, 231, 233	0.261	0.478	6	18	23	0.783	30	182	0.165	0.386
ENSP00000365290	86-233	fam	b.22.1.1	P	BDP97968-0_SCOP.d2tuna_:BDP97968-0_SCOP.d2tunc_:1	chains=diff;class=b.22.1.1	87, 89, 91, 110, 112, 133, 135, 137, 139, 145, 174, 180, 185, 187, 188, 189, 190, 191, 192, 193, 195, 222, 223, 224, 225, 227, 231, 233	0.933	0.933	28	28	30	0.933	146	182	0.802	0.805
ENSP00000365290	86-233	fam	b.22.1.1	P	BDP43071-0_SCOP.d1rj8a_:BDP43071-0_SCOP.d1rj8d_:2	chains=diff;class=b.22.1.1	109, 111, 133, 135, 137, 141, 174, 184, 188, 189, 190, 191, 192, 193, 195, 223, 224, 225, 227, 230, 231, 233	0.259	0.495	7	22	27	0.815	30	182	0.165	0.383
ENSP00000365290	86-233	fam	b.22.1.1	P	BDP97968-0_SCOP.d2tuna_:BDP97968-0_SCOP.d2tund_:2	chains=diff;class=b.22.1.1	97, 98, 99, 100, 101, 102, 103, 120, 121, 122, 123, 147, 153, 155, 159, 166, 211, 212, 213, 214, 215, 216	1.000	1.000	22	22	22	1.000	146	182	0.802	0.805
ENSP00000365290	86-233	fam	b.22.1.1	P	BDP97968-0_SCOP.d2tunb_:BDP97968-0_SCOP.d2tunc_:2	chains=diff;class=b.22.1.1	87, 89, 90, 91, 110, 111, 112, 133, 135, 137, 139, 144, 145, 174, 177, 180, 187, 188, 189, 190, 191, 192, 193, 195, 219, 223, 224, 225, 227, 231, 232, 233	0.886	0.888	31	32	35	0.914	146	182	0.802	0.805
ENSP00000365290	86-233	fam	b.22.1.1	P	BDP48234-0_SCOP.d1tnfa_:BDP48234-0_SCOP.d1tnfb_:2	chains=diff;class=b.22.1.1	87, 89, 91, 109, 110, 112, 133, 135, 137, 139, 145, 174, 176, 180, 182, 185, 188, 189, 190, 191, 192, 193, 195, 223, 224, 225, 227, 231, 233	0.906	0.906	29	29	32	0.906	147	182	0.808	0.808
ENSP00000365290	86-233	fam	b.22.1.1	P	BDP97968-0_SCOP.d2tune_:BDP97968-0_SCOP.d2tunf_:2	chains=diff;class=b.22.1.1	87, 89, 90, 91, 110, 112, 135, 137, 139, 144, 145, 174, 176, 177, 180, 188, 189, 190, 191, 192, 193, 195, 219, 223, 224, 225, 227, 230, 231	0.875	0.878	28	29	32	0.906	146	182	0.802	0.805
ENSP00000365290	86-233	fam	b.22.1.1	P	BDP97968-0_SCOP.d2tunb_:BDP97968-0_SCOP.d2tunc_:1	chains=diff;class=b.22.1.1	129, 130, 131, 133, 149, 151, 158, 168, 169, 170, 171, 172, 173, 174, 175, 178, 179, 195, 196, 197, 198, 199, 200, 201, 203, 233	1.000	1.000	26	26	26	1.000	146	182	0.802	0.805
ENSP00000365290	86-233	fam	b.22.1.1	P	BDP97916-0_SCOP.d2tnfa_:BDP97916-0_SCOP.d2tnfc_:2	chains=diff;class=b.22.1.1	131, 133, 149, 151, 158, 167, 168, 169, 170, 171, 172, 173, 174, 175, 178, 179, 180, 194, 195, 196, 197, 198, 199, 200, 201, 233	0.808	0.935	21	26	26	1.000	119	182	0.654	0.747
ENSP00000365290	86-233	fam	b.22.1.1	P	BDP49546-0_SCOP.d1u5ya_:BDP49546-0_SCOP.d1u5yb_:1	chains=diff;class=b.22.1.1	131, 133, 143, 144, 145, 146, 168, 169, 170, 171, 172, 173, 174, 175, 176, 184, 185, 194, 195, 196, 197, 198, 199, 200, 201, 233	0.333	0.618	9	26	27	0.963	29	182	0.159	0.407
ENSP00000365290	86-233	fam	b.22.1.1	P	BDP97916-0_SCOP.d2tnfb_:BDP97916-0_SCOP.d2tnfc_:2	chains=diff;class=b.22.1.1	87, 89, 91, 110, 112, 133, 135, 137, 139, 174, 187, 188, 189, 190, 191, 192, 193, 195, 222, 223, 224, 225, 227, 231	0.958	0.974	23	24	24	1.000	119	182	0.654	0.747
ENSP00000365290	86-233	fam	b.22.1.1	P	BDP49546-0_SCOP.d1u5ya_:BDP49546-0_SCOP.d1u5yd_:1	chains=diff;class=b.22.1.1	86, 88, 111, 113, 133, 135, 137, 139, 174, 184, 189, 190, 191, 192, 193, 195, 222, 223, 224, 225, 227, 231	0.250	0.540	6	22	24	0.917	29	182	0.159	0.407
ENSP00000365290	86-233	fam	b.22.1.1	P	BDP43071-0_SCOP.d1rj8a_:BDP43071-0_SCOP.d1rj8d_:1	chains=diff;class=b.22.1.1	131, 133, 157, 168, 169, 170, 171, 172, 173, 174, 175, 184, 185, 186, 194, 195, 196, 197, 198, 199, 200, 201, 233	0.231	0.498	6	23	26	0.885	30	182	0.165	0.383
ENSP00000365290	86-233	fam	b.22.1.1	P	BDP103888-0_SCOP.d5tswb_:BDP103888-0_SCOP.d5tswd_:1	chains=diff;class=b.22.1.1	103, 121, 122, 155, 159, 163, 164, 165, 166, 167, 168, 171, 209, 211, 212, 213, 214, 215	1.000	1.000	18	18	18	1.000	145	182	0.797	0.803
ENSP00000365290	86-233	fam	b.22.1.1	P	BDP7449-0_SCOP.d1d0ga_:BDP7449-0_SCOP.d1d0gd_:1	chains=diff;class=b.22.1.1	108, 111, 113, 115, 133, 135, 137, 139, 174, 177, 184, 186, 187, 188, 189, 190, 191, 192, 193, 195, 222, 223, 224, 225, 227, 230, 231, 232	0.176	0.480	6	28	34	0.824	30	182	0.165	0.439
ENSP00000365290	86-233	fam	b.22.1.1	P	BDP43066-0_SCOP.d1rj7h_:BDP43066-0_SCOP.d1rj7i_:2	chains=diff;class=b.22.1.1	131, 133, 156, 157, 168, 169, 170, 171, 172, 173, 174, 175, 195, 196, 197, 198, 199, 200, 201, 233	0.261	0.515	6	20	23	0.870	30	182	0.165	0.386
ENSP00000365290	86-233	fam	b.22.1.1	P	BDP43066-0_SCOP.d1rj7a_:BDP43066-0_SCOP.d1rj7d_:1	chains=diff;class=b.22.1.1	131, 133, 156, 157, 167, 168, 169, 170, 171, 172, 173, 174, 175, 195, 196, 197, 198, 199, 201, 233	0.261	0.511	6	20	23	0.870	30	182	0.165	0.386
ENSP00000365290	86-233	fam	b.22.1.1	P	BDP66541-0_SCOP.d2az5a1:BDP66541-0_SCOP.d2az5b1:2	chains=diff;class=b.22.1.1	87, 89, 90, 91, 110, 112, 114, 115, 135, 137, 139, 188, 189, 190, 191, 192, 193, 195, 219, 222, 223, 224, 225, 227, 230, 231	1.000	1.000	26	26	26	1.000	148	182	0.813	0.813
ENSP00000365290	86-233	fam	b.22.1.1	P	BDP21330-0_SCOP.d1iqaa_:BDP21330-0_SCOP.d1iqac_:2	chains=diff;class=b.22.1.1	131, 133, 149, 151, 158, 167, 168, 169, 171, 172, 173, 174, 175, 176, 192, 194, 195, 196, 197, 198, 199, 200, 201, 233	0.231	0.550	6	24	26	0.923	23	182	0.126	0.427
ENSP00000365290	86-233	fam	b.22.1.1	P	BDP7449-0_SCOP.d1d0ga_:BDP7449-0_SCOP.d1d0gd_:2	chains=diff;class=b.22.1.1	130, 131, 133, 149, 150, 151, 159, 167, 168, 169, 170, 171, 172, 173, 174, 175, 177, 178, 184, 185, 195, 196, 197, 198, 199, 200, 201, 231, 233	0.233	0.596	7	29	30	0.967	30	182	0.165	0.439
ENSP00000365290	86-233	fam	b.22.1.1	P	BDP24031-0_SCOP.d1jtzx_:BDP24031-0_SCOP.d1jtzy_:1	chains=diff;class=b.22.1.1	131, 133, 149, 151, 153, 158, 167, 168, 169, 170, 171, 172, 173, 174, 175, 176, 192, 194, 195, 196, 197, 198, 199, 200, 201, 233	0.214	0.551	6	26	28	0.929	23	182	0.126	0.427
ENSP00000365290	86-233	fam	b.22.1.1	P	BDP1045-0_SCOP.d1a8mb_:BDP1045-0_SCOP.d1a8mc_:1	chains=diff;class=b.22.1.1	129, 130, 131, 133, 149, 151, 158, 168, 169, 170, 171, 172, 173, 174, 175, 177, 178, 179, 194, 195, 196, 197, 198, 199, 200, 201, 202, 233	1.000	1.000	28	28	28	1.000	147	182	0.808	0.809
ENSP00000365290	86-233	fam	b.22.1.1	P	BDP43071-0_SCOP.d1rj8e_:BDP43071-0_SCOP.d1rj8f_:1	chains=diff;class=b.22.1.1	109, 133, 135, 137, 141, 174, 185, 188, 189, 190, 191, 192, 193, 194, 195, 223, 224, 225, 227, 230, 231, 233	0.259	0.510	7	22	27	0.815	30	182	0.165	0.383
ENSP00000365290	86-233	fam	b.22.1.1	P	BDP23100-0_SCOP.d1jh5d_:BDP23100-0_SCOP.d1jh5e_:1	chains=diff;class=b.22.1.1	131, 133, 145, 146, 168, 169, 170, 171, 172, 173, 174, 184, 194, 195, 196, 197, 198, 199, 200, 232, 233	0.217	0.539	5	21	23	0.913	26	182	0.143	0.406
ENSP00000365290	86-233	fam	b.22.1.1	P	BDP1045-0_SCOP.d1a8ma_:BDP1045-0_SCOP.d1a8mc_:2	chains=diff;class=b.22.1.1	129, 130, 131, 133, 149, 151, 158, 168, 169, 170, 171, 172, 173, 174, 175, 178, 179, 195, 196, 197, 198, 199, 200, 201, 202, 203, 233	1.000	1.000	27	27	27	1.000	147	182	0.808	0.809
ENSP00000365290	86-233	fam	b.22.1.1	P	BDP43071-0_SCOP.d1rj8e_:BDP43071-0_SCOP.d1rj8f_:2	chains=diff;class=b.22.1.1	131, 133, 168, 169, 170, 171, 172, 173, 174, 175, 184, 185, 186, 194, 195, 196, 197, 198, 199, 201, 233	0.273	0.558	6	21	22	0.955	30	182	0.165	0.383
ENSP00000365290	86-233	fam	b.22.1.1	P	BDP49546-0_SCOP.d1u5yb_:BDP49546-0_SCOP.d1u5yd_:1	chains=diff;class=b.22.1.1	131, 133, 168, 169, 170, 171, 172, 173, 174, 175, 194, 195, 196, 197, 198, 199, 200, 201, 233	0.450	0.700	9	19	20	0.950	29	182	0.159	0.407
ENSP00000365290	86-233	fam	b.22.1.1	P	BDP97968-0_SCOP.d2tuna_:BDP97968-0_SCOP.d2tund_:1	chains=diff;class=b.22.1.1	97, 98, 99, 100, 101, 102, 103, 118, 119, 120, 121, 122, 147, 153, 155, 166, 210, 211, 212, 213, 214, 215, 216	1.000	1.000	23	23	23	1.000	146	182	0.802	0.805
ENSP00000365290	86-233	fam	b.22.1.1	P	BDP97968-0_SCOP.d2tund_:BDP97968-0_SCOP.d2tunf_:2	chains=diff;class=b.22.1.1	129, 130, 131, 133, 149, 151, 158, 168, 169, 170, 171, 172, 173, 174, 175, 178, 179, 194, 195, 196, 197, 198, 199, 200, 201, 233	1.000	1.000	26	26	26	1.000	146	182	0.802	0.805
ENSP00000365290	86-233	fam	b.22.1.1	P	BDP97968-0_SCOP.d2tuna_:BDP97968-0_SCOP.d2tunb_:2	chains=diff;class=b.22.1.1	87, 89, 91, 110, 112, 133, 135, 137, 139, 145, 174, 176, 177, 179, 180, 181, 182, 188, 189, 190, 191, 192, 193, 195, 219, 223, 224, 225, 227, 231, 233	0.882	0.885	30	31	34	0.912	146	182	0.802	0.805
ENSP00000365290	86-233	fam	b.22.1.1	P	BDP97916-0_SCOP.d2tnfa_:BDP97916-0_SCOP.d2tnfb_:2	chains=diff;class=b.22.1.1	87, 89, 91, 110, 112, 115, 133, 135, 137, 139, 174, 188, 189, 190, 191, 192, 193, 195, 223, 224, 225, 227, 231	0.958	0.958	23	23	24	0.958	119	182	0.654	0.747
ENSP00000365290	86-233	fam	b.22.1.1	P	BDP97968-0_SCOP.d2tund_:BDP97968-0_SCOP.d2tunf_:1	chains=diff;class=b.22.1.1	89, 91, 110, 112, 133, 135, 137, 139, 145, 174, 177, 180, 185, 188, 189, 190, 191, 192, 193, 195, 222, 224, 225, 227, 231, 232, 233	0.900	0.900	27	27	30	0.900	146	182	0.802	0.805
ENSP00000365290	86-233	fam	b.22.1.1	P	BDP97968-0_SCOP.d2tuna_:BDP97968-0_SCOP.d2tunb_:1	chains=diff;class=b.22.1.1	129, 131, 133, 148, 149, 151, 158, 167, 168, 169, 170, 171, 172, 173, 174, 175, 178, 179, 192, 194, 195, 196, 197, 198, 199, 200, 201, 233	1.000	1.000	28	28	28	1.000	146	182	0.802	0.805
ENSP00000365290	86-233	fam	b.22.1.1	P	BDP43066-0_SCOP.d1rj7h_:BDP43066-0_SCOP.d1rj7j_:1	chains=diff;class=b.22.1.1	131, 133, 157, 168, 169, 170, 171, 172, 173, 174, 175, 195, 196, 197, 198, 199, 201, 233	0.333	0.627	6	18	18	1.000	30	182	0.165	0.386
ENSP00000365290	86-233	fam	b.22.1.1	P	BDP43071-0_SCOP.d1rj8f_:BDP43071-0_SCOP.d1rj8g_:2	chains=diff;class=b.22.1.1	131, 133, 156, 157, 159, 167, 168, 169, 170, 171, 172, 173, 174, 175, 184, 185, 188, 190, 192, 194, 195, 196, 197, 198, 199, 200, 201, 233	0.233	0.501	7	28	30	0.933	30	182	0.165	0.383
ENSP00000365290	86-233	fam	b.22.1.1	P	BDP43071-0_SCOP.d1rj8b_:BDP43071-0_SCOP.d1rj8d_:2	chains=diff;class=b.22.1.1	131, 133, 157, 161, 167, 168, 169, 170, 171, 172, 173, 174, 175, 184, 185, 190, 192, 194, 195, 196, 197, 198, 199, 201, 233	0.231	0.519	6	25	26	0.962	30	182	0.165	0.383
ENSP00000365290	86-233	fam	b.22.1.1	P	BDP43066-0_SCOP.d1rj7h_:BDP43066-0_SCOP.d1rj7i_:1	chains=diff;class=b.22.1.1	108, 109, 111, 133, 135, 137, 139, 174, 188, 189, 190, 191, 192, 193, 195, 223, 224, 225, 227, 230, 231, 233	0.269	0.510	7	22	26	0.846	30	182	0.165	0.386
ENSP00000365290	86-233	fam	b.22.1.1	P	BDP49546-0_SCOP.d1u5yb_:BDP49546-0_SCOP.d1u5yd_:2	chains=diff;class=b.22.1.1	86, 88, 111, 113, 133, 135, 137, 139, 174, 190, 191, 192, 193, 194, 195, 222, 223, 224, 225, 227, 231	0.261	0.552	6	21	23	0.913	29	182	0.159	0.407
ENSP00000365290	86-233	fam	b.22.1.1	P	BDP43071-0_SCOP.d1rj8f_:BDP43071-0_SCOP.d1rj8g_:1	chains=diff;class=b.22.1.1	109, 133, 135, 137, 141, 174, 185, 186, 187, 189, 190, 191, 192, 193, 194, 195, 223, 224, 225, 227, 230, 231, 233	0.214	0.489	6	23	28	0.821	30	182	0.165	0.383
ENSP00000365290	86-233	fam	b.22.1.1	P	BDP43071-0_SCOP.d1rj8e_:BDP43071-0_SCOP.d1rj8g_:2	chains=diff;class=b.22.1.1	108, 109, 111, 133, 135, 137, 141, 174, 185, 188, 189, 190, 191, 192, 193, 194, 195, 223, 224, 225, 227, 230, 231, 233	0.241	0.491	7	24	29	0.828	30	182	0.165	0.383
ENSP00000365290	86-233	fam	b.22.1.1	P	BDP9314-0_SCOP.d1du3d_:BDP9314-0_SCOP.d1du3f_:2	chains=diff;class=b.22.1.1	97, 130, 131, 133, 149, 150, 151, 159, 166, 167, 168, 169, 170, 171, 172, 173, 174, 175, 177, 178, 184, 185, 195, 196, 197, 198, 199, 200, 201, 231, 233	0.212	0.563	7	31	33	0.939	30	182	0.165	0.439
ENSP00000365290	86-233	fam	b.22.1.1	P	BDP58261-0_SCOP.d1xu1b_:BDP58261-0_SCOP.d1xu1d_:1	chains=diff;class=b.22.1.1	131, 133, 145, 146, 168, 169, 170, 171, 172, 173, 174, 175, 194, 195, 196, 197, 198, 199, 200, 201, 233	0.409	0.672	9	21	22	0.955	29	182	0.159	0.407
ENSP00000365290	86-233	fam	b.22.1.1	P	BDP9314-0_SCOP.d1du3d_:BDP9314-0_SCOP.d1du3f_:1	chains=diff;class=b.22.1.1	108, 110, 111, 113, 115, 133, 135, 137, 139, 174, 177, 184, 186, 187, 188, 189, 190, 191, 192, 193, 195, 220, 222, 223, 224, 225, 227, 230, 231	0.158	0.439	6	29	38	0.763	30	182	0.165	0.439
ENSP00000365290	86-233	fam	b.22.1.1	P	BDP43066-0_SCOP.d1rj7a_:BDP43066-0_SCOP.d1rj7b_:2	chains=diff;class=b.22.1.1	131, 133, 156, 157, 168, 169, 170, 171, 172, 173, 174, 175, 195, 196, 197, 198, 199, 201, 233	0.273	0.522	6	19	22	0.864	30	182	0.165	0.386
ENSP00000365290	86-233	fam	b.22.1.1	P	BDP48234-0_SCOP.d1tnfa_:BDP48234-0_SCOP.d1tnfc_:1	chains=diff;class=b.22.1.1	87, 89, 91, 110, 112, 133, 135, 137, 139, 174, 177, 179, 180, 185, 188, 189, 190, 191, 192, 193, 195, 219, 222, 224, 225, 227, 231, 233	0.844	0.847	27	28	32	0.875	147	182	0.808	0.808
ENSP00000365290	86-233	fam	b.22.1.1	P	BDP58261-0_SCOP.d1xu1b_:BDP58261-0_SCOP.d1xu1d_:2	chains=diff;class=b.22.1.1	86, 88, 111, 113, 133, 135, 137, 139, 174, 184, 188, 189, 191, 192, 193, 194, 195, 220, 222, 223, 224, 225, 227, 231	0.240	0.552	6	24	25	0.960	29	182	0.159	0.407
ENSP00000365290	86-233	fam	b.22.1.1	P	BDP97968-0_SCOP.d2tund_:BDP97968-0_SCOP.d2tune_:1	chains=diff;class=b.22.1.1	129, 130, 131, 133, 148, 149, 151, 158, 163, 167, 168, 169, 170, 171, 172, 173, 174, 175, 178, 179, 195, 196, 197, 198, 199, 200, 201, 233	1.000	1.000	28	28	28	1.000	146	182	0.802	0.805
ENSP00000365290	86-233	fam	b.22.1.1	P	BDP103888-0_SCOP.d5tswb_:BDP103888-0_SCOP.d5tswd_:2	chains=diff;class=b.22.1.1	99, 100, 101, 143, 144, 146, 147, 148, 187, 188, 212, 213, 214, 216, 217	1.000	1.000	15	15	15	1.000	145	182	0.797	0.803
ENSP00000365290	86-233	fam	b.22.1.1	P	BDP1045-0_SCOP.d1a8ma_:BDP1045-0_SCOP.d1a8mb_:1	chains=diff;class=b.22.1.1	129, 131, 133, 148, 149, 151, 158, 163, 167, 168, 169, 170, 171, 172, 173, 174, 175, 178, 179, 180, 195, 196, 197, 198, 199, 200, 201, 233	1.000	1.000	28	28	28	1.000	147	182	0.808	0.809
ENSP00000365290	86-233	fam	b.22.1.1	P	BDP20278-0_SCOP.d1i9ra_:BDP20278-0_SCOP.d1i9rb_:2	chains=diff;class=b.22.1.1	131, 133, 156, 161, 169, 170, 171, 172, 173, 174, 175, 176, 177, 192, 195, 196, 197, 198, 199, 200, 201, 202, 233	0.375	0.653	9	23	24	0.958	31	182	0.170	0.422
ENSP00000365290	86-233	fam	b.22.1.1	P	BDP97916-0_SCOP.d2tnfb_:BDP97916-0_SCOP.d2tnfc_:1	chains=diff;class=b.22.1.1	131, 133, 149, 151, 158, 167, 168, 169, 170, 171, 172, 173, 174, 175, 179, 192, 194, 195, 196, 197, 198, 199, 200, 201, 233	0.880	0.968	22	25	25	1.000	119	182	0.654	0.747
ENSP00000365290	86-233	fam	b.22.1.1	P	BDP66541-0_SCOP.d2az5a1:BDP66541-0_SCOP.d2az5b1:1	chains=diff;class=b.22.1.1	131, 133, 149, 151, 158, 167, 168, 169, 170, 171, 172, 173, 174, 175, 177, 194, 195, 196, 197, 198, 199, 200, 201, 233	1.000	1.000	24	24	24	1.000	148	182	0.813	0.813
ENSP00000365290	86-233	fam	b.22.1.1	P	BDP1045-0_SCOP.d1a8ma_:BDP1045-0_SCOP.d1a8mb_:2	chains=diff;class=b.22.1.1	87, 89, 91, 109, 110, 112, 133, 135, 137, 139, 145, 174, 176, 177, 179, 182, 183, 184, 185, 188, 189, 190, 191, 192, 193, 195, 222, 223, 224, 225, 227, 231, 233	0.892	0.892	33	33	37	0.892	147	182	0.808	0.809
ENSP00000365290	86-233	fam	b.22.1.1	P	BDP48234-0_SCOP.d1tnfa_:BDP48234-0_SCOP.d1tnfb_:1	chains=diff;class=b.22.1.1	129, 130, 131, 133, 148, 149, 151, 158, 163, 167, 168, 169, 170, 171, 172, 173, 174, 175, 178, 179, 195, 196, 197, 198, 199, 200, 201, 233	1.000	1.000	28	28	28	1.000	147	182	0.808	0.808
ENSP00000365290	86-233	fam	b.22.1.1	P	BDP43066-0_SCOP.d1rj7b_:BDP43066-0_SCOP.d1rj7d_:1	chains=diff;class=b.22.1.1	109, 133, 135, 137, 139, 174, 188, 190, 191, 192, 193, 195, 222, 223, 224, 225, 227, 231, 233	0.304	0.544	7	19	23	0.826	30	182	0.165	0.386
ENSP00000365290	86-233	fam	b.22.1.1	P	BDP49546-0_SCOP.d1u5ya_:BDP49546-0_SCOP.d1u5yd_:2	chains=diff;class=b.22.1.1	131, 133, 144, 145, 146, 168, 169, 170, 171, 172, 173, 174, 175, 194, 195, 196, 197, 198, 199, 200, 201, 233	0.391	0.657	9	22	23	0.957	29	182	0.159	0.407
ENSP00000365290	86-233	fam	b.22.1.1	P	BDP43071-0_SCOP.d1rj8b_:BDP43071-0_SCOP.d1rj8d_:1	chains=diff;class=b.22.1.1	109, 133, 135, 137, 141, 174, 185, 186, 187, 188, 189, 190, 191, 192, 193, 194, 195, 223, 224, 225, 227, 230, 231, 233	0.241	0.506	7	24	29	0.828	30	182	0.165	0.383
ENSP00000365290	86-233	fam	b.22.1.1	P	BDP43066-0_SCOP.d1rj7b_:BDP43066-0_SCOP.d1rj7d_:2	chains=diff;class=b.22.1.1	131, 133, 156, 157, 168, 169, 170, 171, 172, 173, 174, 175, 192, 195, 196, 197, 198, 199, 200, 201, 233	0.261	0.537	6	21	23	0.913	30	182	0.165	0.386
ENSP00000365290	86-233	fam	b.22.1.1	P	BDP43066-0_SCOP.d1rj7a_:BDP43066-0_SCOP.d1rj7d_:2	chains=diff;class=b.22.1.1	109, 111, 133, 135, 137, 139, 174, 189, 190, 191, 192, 193, 195, 223, 224, 225, 227, 230, 231, 233	0.231	0.466	6	20	26	0.769	30	182	0.165	0.386
ENSP00000365290	86-233	fam	b.22.1.1	P	BDP97968-0_SCOP.d2tund_:BDP97968-0_SCOP.d2tune_:2	chains=diff;class=b.22.1.1	87, 89, 91, 110, 112, 133, 135, 137, 139, 145, 174, 176, 179, 180, 184, 185, 188, 189, 190, 191, 192, 193, 195, 219, 221, 222, 223, 224, 225, 227, 231, 232, 233	0.889	0.891	32	33	36	0.917	146	182	0.802	0.805
ENSP00000365290	86-233	fam	b.22.1.1	P	BDP49546-0_SCOP.d1u5ya_:BDP49546-0_SCOP.d1u5yb_:2	chains=diff;class=b.22.1.1	86, 88, 111, 113, 133, 135, 137, 139, 174, 188, 189, 190, 191, 192, 193, 195, 223, 224, 225, 227, 231	0.261	0.544	6	21	23	0.913	29	182	0.159	0.407
ENSP00000365290	86-233	fam	b.22.1.1	P	BDP48234-0_SCOP.d1tnfa_:BDP48234-0_SCOP.d1tnfc_:2	chains=diff;class=b.22.1.1	130, 131, 133, 149, 151, 168, 169, 170, 171, 172, 173, 174, 175, 177, 178, 179, 195, 196, 197, 198, 199, 200, 201, 233	1.000	1.000	24	24	24	1.000	147	182	0.808	0.808
ENSP00000365290	86-233	fam	b.22.1.1	P	BDP97916-0_SCOP.d2tnfa_:BDP97916-0_SCOP.d2tnfb_:1	chains=diff;class=b.22.1.1	131, 133, 149, 151, 158, 167, 168, 169, 170, 171, 172, 173, 174, 175, 178, 194, 195, 196, 197, 198, 199, 200, 201, 233	0.875	0.955	21	24	24	1.000	119	182	0.654	0.747
ENSP00000365290	86-233	fam	b.22.1.1	P	BDP97968-0_SCOP.d2tuna_:BDP97968-0_SCOP.d2tunc_:2	chains=diff;class=b.22.1.1	129, 130, 131, 133, 149, 151, 158, 168, 169, 170, 171, 172, 173, 174, 175, 178, 179, 195, 196, 197, 198, 199, 200, 201, 233	1.000	1.000	25	25	25	1.000	146	182	0.802	0.805
ENSP00000365290	86-233	fam	b.22.1.1	P	BDP1045-0_SCOP.d1a8mb_:BDP1045-0_SCOP.d1a8mc_:2	chains=diff;class=b.22.1.1	86, 87, 89, 91, 110, 112, 133, 135, 137, 139, 145, 174, 176, 180, 188, 189, 190, 191, 192, 193, 195, 223, 224, 225, 227, 230, 231, 233	0.875	0.875	28	28	32	0.875	147	182	0.808	0.809
ENSP00000365290	86-233	fam	b.22.1.1	P	BDP43071-0_SCOP.d1rj8e_:BDP43071-0_SCOP.d1rj8g_:1	chains=diff;class=b.22.1.1	131, 133, 157, 167, 168, 169, 170, 171, 172, 173, 174, 175, 184, 185, 188, 194, 195, 196, 197, 198, 199, 200, 201, 233	0.259	0.512	7	24	27	0.889	30	182	0.165	0.383
ENSP00000365290	86-233	fam	b.22.1.1	P	BDP43071-0_SCOP.d1rj8a_:BDP43071-0_SCOP.d1rj8b_:1	chains=diff;class=b.22.1.1	109, 133, 135, 137, 141, 174, 184, 185, 186, 188, 189, 190, 191, 192, 193, 194, 195, 223, 224, 225, 227, 231	0.231	0.496	6	22	26	0.846	30	182	0.165	0.383
ENSP00000365290	86-233	fam	b.22.1.1	P	BDP43066-0_SCOP.d1rj7i_:BDP43066-0_SCOP.d1rj7j_:1	chains=diff;class=b.22.1.1	108, 109, 111, 133, 135, 137, 139, 174, 185, 188, 189, 190, 191, 192, 193, 195, 222, 223, 224, 225, 227, 230, 231, 233	0.241	0.488	7	24	29	0.828	30	182	0.165	0.386
ENSP00000365290	86-233	fam	b.22.1.1	P	BDP43066-0_SCOP.d1rj7i_:BDP43066-0_SCOP.d1rj7j_:2	chains=diff;class=b.22.1.1	131, 133, 156, 157, 168, 169, 170, 171, 172, 173, 174, 175, 185, 195, 196, 197, 198, 199, 200, 201, 233	0.250	0.510	6	21	24	0.875	30	182	0.165	0.386
ENSP00000365290	86-233	fam	b.22.1.1	P	BDP97916-0_SCOP.d2tnfa_:BDP97916-0_SCOP.d2tnfc_:1	chains=diff;class=b.22.1.1	89, 91, 110, 112, 133, 135, 137, 139, 174, 186, 188, 189, 190, 191, 192, 193, 195, 222, 223, 224, 225, 227, 231	0.958	0.958	23	23	24	0.958	119	182	0.654	0.747
ENSP00000365290	86-233	fam	b.22.1.1	P	BDP43066-0_SCOP.d1rj7a_:BDP43066-0_SCOP.d1rj7b_:1	chains=diff;class=b.22.1.1	109, 111, 133, 135, 137, 139, 174, 175, 188, 189, 190, 191, 192, 193, 195, 222, 223, 224, 225, 227, 230, 231, 233	0.286	0.522	8	23	28	0.821	30	182	0.165	0.386
ENSP00000365290	86-233	fam	b.22.1.1	P	BDP43071-0_SCOP.d1rj8a_:BDP43071-0_SCOP.d1rj8b_:2	chains=diff;class=b.22.1.1	131, 133, 156, 157, 167, 168, 169, 170, 171, 172, 173, 174, 175, 184, 185, 186, 194, 195, 196, 197, 198, 199, 200, 201, 233	0.231	0.516	6	25	26	0.962	30	182	0.165	0.383
ENSP00000365290	86-233	fam	b.22.1.1	P	BDP97968-0_SCOP.d2tune_:BDP97968-0_SCOP.d2tunf_:1	chains=diff;class=b.22.1.1	130, 131, 149, 151, 158, 168, 169, 170, 171, 172, 173, 174, 175, 178, 179, 195, 196, 197, 198, 199, 200, 201, 233	1.000	1.000	23	23	23	1.000	146	182	0.802	0.805
ENSP00000365290	86-233	fam	b.22.1.1	P	BDP103888-0_SCOP.d5tswa_:BDP103888-0_SCOP.d5tswb_:2	chains=diff;class=b.22.1.1	87, 89, 91, 110, 112, 115, 133, 135, 137, 139, 174, 176, 188, 189, 190, 191, 192, 193, 195, 219, 222, 223, 224, 225, 227, 231, 233	0.964	0.964	27	27	28	0.964	145	182	0.797	0.803
ENSP00000365290	86-233	fam	b.22.1.1	P	BDP103888-0_SCOP.d5tswa_:BDP103888-0_SCOP.d5tswb_:1	chains=diff;class=b.22.1.1	131, 133, 149, 151, 158, 167, 168, 169, 170, 171, 172, 173, 174, 175, 178, 179, 194, 195, 196, 197, 198, 199, 200, 201, 233	1.000	1.000	25	25	25	1.000	145	182	0.797	0.803
gi|9626057|ref|NP_040299.1|	1-201	fam	b.91.1.1	exp			2, 3, 4, 5, 6, 7, 9, 10, 11, 12, 13, 14, 15, 16, 17, 18, 19, 20, 21, 22, 23, 24, 25, 27, 28, 30, 31, 32, 33, 34, 35, 36, 37, 38, 39, 40, 41, 42, 43, 44, 45, 47, 48, 49, 50, 51, 52, 53, 54, 55, 56, 57, 58, 60, 61, 62, 63, 64, 66, 67, 68, 69, 70, 71, 72, 73, 74, 75, 76, 77, 78, 79, 80, 81, 83, 84, 85, 86, 87, 88, 89, 90, 91, 92, 93, 94, 95, 96, 97, 98, 99, 100, 101, 102, 103, 104, 105, 106, 107, 108, 109, 112, 113, 114, 115, 116, 118, 120, 122, 123, 124, 125, 126, 127, 128, 129, 130, 131, 132, 133, 134, 135, 136, 138, 139, 140, 141, 142, 143, 144, 146, 147, 148, 149, 151, 152, 153, 154, 155, 158, 159, 160, 161, 162, 163, 164, 165, 166, 167, 169, 170, 172, 173, 174, 176, 177, 178, 179, 180, 181, 182, 183, 184, 185, 186, 187, 188, 189, 190, 191, 192, 193, 194, 195, 196
gi|9626057|ref|NP_040299.1|	1-201	fam	b.91.1.1	L	d1r6na_:1r6n:434:001	MW=608.449	19, 29, 32, 33, 36, 94, 95, 97, 98, 99, 100, 101	0.917	0.968	11	12	12	1.000	162	214	0.757	0.842
gi|9626057|ref|NP_040299.1|	1-201	fam	b.91.1.1	L	d1r6na_:1r6n:434:002	MW=608.449	33, 36, 63, 64, 67, 68, 71, 72, 99	0.667	0.835	6	9	9	1.000	162	214	0.757	0.842
#gi|9626057|ref|NP_040299.1|	1-201	fam	b.91.1.1	p	sub-threshold templates
gi|9626057|ref|NP_040299.1|	1-201	fam	b.91.1.1	P	BDP48719-0_SCOP.d1tuem_:BDP48719-0_SCOP.d1tueq_:2	chains=diff;class=c.37.1.20	12, 13, 15, 16, 17, 19, 20, 22, 32, 36, 39, 55, 56, 57, 58, 60, 64, 68, 94, 95, 98, 100, 128, 129	0.500	0.802	12	24	24	1.000	79	214	0.369	0.639
gi|9626057|ref|NP_040299.1|	1-201	fam	b.91.1.1	P	BDP48719-0_SCOP.d1tuef_:BDP48719-0_SCOP.d1tueg_:2	chains=diff;class=c.37.1.20	12, 13, 15, 16, 17, 19, 20, 22, 32, 36, 39, 56, 57, 58, 60, 64, 68, 94, 95, 98, 99, 100, 126, 128, 129	0.480	0.787	12	25	25	1.000	80	214	0.374	0.645
gi|9626057|ref|NP_040299.1|	1-201	fam	b.91.1.1	P	BDP48719-0_SCOP.d1tueh_:BDP48719-0_SCOP.d1tuej_:2	chains=diff;class=c.37.1.20	12, 13, 15, 16, 17, 19, 20, 22, 32, 36, 39, 56, 57, 58, 60, 64, 68, 94, 95, 98, 99, 100, 129, 130	0.500	0.794	12	24	24	1.000	79	214	0.369	0.639
gi|9626057|ref|NP_040299.1|	1-201	fam	b.91.1.1	P	BDP48719-0_SCOP.d1tued_:BDP48719-0_SCOP.d1tuee_:2	chains=diff;class=c.37.1.20	12, 13, 15, 16, 17, 19, 20, 22, 32, 33, 36, 39, 56, 57, 58, 60, 68, 94, 95, 98, 99, 100	0.545	0.808	12	22	22	1.000	80	214	0.374	0.644
gi|9626057|ref|NP_040299.1|	1-201	fam	b.91.1.1	P	BDP48719-0_SCOP.d1tuea_:BDP48719-0_SCOP.d1tueb_:2	chains=diff;class=c.37.1.20	12, 13, 15, 16, 17, 19, 20, 22, 32, 36, 39, 55, 56, 57, 58, 60, 64, 68, 94, 95, 98, 99, 100	0.478	0.789	11	23	23	1.000	77	214	0.360	0.625
gi|9626057|ref|NP_040299.1|	270-367	fam	d.58.8.1	exp			282, 283, 284, 285, 286, 287, 288, 289, 290, 291, 292, 293, 294, 295, 296, 298, 299, 300, 301, 302, 303, 304, 305, 306, 307, 308, 309, 310, 311, 312, 313, 314, 315, 316, 317, 318, 319, 320, 321, 322, 323, 324, 325, 326, 327, 328, 329, 330, 331, 332, 333, 334, 335, 336, 338, 339, 340, 341, 342, 343, 344, 345, 346, 347, 348, 349, 350, 351, 352, 353, 354, 355, 356, 357, 358, 359, 360, 361, 362, 363, 364, 365, 366, 367
#gi|9626057|ref|NP_040299.1|	270-367	fam	d.58.8.1	L	no templates
#gi|9626057|ref|NP_040299.1|	270-367	fam	d.58.8.1	p	no templates
gi|9626057|ref|NP_040299.1|	270-367	fam	d.58.8.1	P	BDP23245-0_SCOP.d1jj4a_:BDP23245-0_SCOP.d1jj4b_:2	chains=diff;class=d.58.8.1	284, 287, 289, 301, 305, 314, 315, 316, 317, 319, 320, 321, 322, 334, 335, 336, 360, 361, 362, 363, 364	0.619	0.807	13	21	21	1.000	37	153	0.242	0.381
gi|9626057|ref|NP_040299.1|	270-367	fam	d.58.8.1	P	BDP8514-0_SCOP.d1dhma_:BDP8514-0_SCOP.d1dhmb_:2	chains=diff;class=d.58.8.1	287, 289, 301, 314, 315, 316, 317, 319, 320, 321, 322, 323, 334, 335, 336, 359, 360, 361, 362, 363, 364	0.500	0.747	11	21	22	0.955	40	153	0.261	0.411
gi|9626057|ref|NP_040299.1|	270-367	fam	d.58.8.1	P	BDP23245-0_SCOP.d1jj4a_:BDP23245-0_SCOP.d1jj4b_:1	chains=diff;class=d.58.8.1	284, 289, 301, 314, 315, 316, 317, 318, 319, 320, 321, 322, 334, 335, 336, 360, 361, 362, 363, 364	0.650	0.822	13	20	20	1.000	37	153	0.242	0.378
gi|9626057|ref|NP_040299.1|	270-367	fam	d.58.8.1	P	BDP42332-0_SCOP.d1r8hc_:BDP42332-0_SCOP.d1r8hd_:1	chains=diff;class=d.58.8.1	287, 289, 291, 301, 309, 312, 313, 314, 315, 316, 317, 318, 319, 320, 321, 322, 323, 324, 334, 336, 338, 359, 360, 361, 362, 363, 364, 366, 367	0.900	0.928	27	29	30	0.967	80	153	0.523	0.544
gi|9626057|ref|NP_040299.1|	270-367	fam	d.58.8.1	P	BDP63767-0_SCOP.d1zzfa1:BDP63767-0_SCOP.d1zzfb1:2	chains=diff;class=d.58.8.1	287, 289, 314, 315, 316, 317, 318, 319, 320, 321, 322, 334, 336, 359, 360, 361, 362, 363, 364	0.684	0.849	13	19	19	1.000	46	153	0.301	0.406
gi|9626057|ref|NP_040299.1|	270-367	fam	d.58.8.1	P	BDP3003-0_SCOP.d1b3ta_:BDP3003-0_SCOP.d1b3tb_:1	chains=diff;class=d.58.8.1	283, 288, 290, 301, 302, 303, 304, 305, 306, 307, 308, 309, 310, 311, 312, 313, 314, 315, 321, 322, 323, 324, 325, 330, 331, 332, 334, 336, 338, 340, 342, 344, 359, 360, 361, 362, 363, 364, 365, 366, 367	0.143	0.388	8	41	56	0.732	15	153	0.098	0.284
gi|9626057|ref|NP_040299.1|	270-367	fam	d.58.8.1	P	BDP42332-0_SCOP.d1r8ha_:BDP42332-0_SCOP.d1r8hb_:1	chains=diff;class=d.58.8.1	287, 289, 291, 301, 312, 313, 314, 315, 316, 317, 318, 319, 320, 321, 322, 323, 324, 325, 326, 327, 328, 334, 336, 338, 359, 360, 361, 362, 363, 364, 366, 367	0.909	0.934	30	32	33	0.970	80	153	0.523	0.544
gi|9626057|ref|NP_040299.1|	270-367	fam	d.58.8.1	P	BDP12765-0_SCOP.d1f9fa_:BDP12765-0_SCOP.d1f9fb_:1	chains=diff;class=d.58.8.1	284, 289, 305, 314, 315, 316, 317, 319, 320, 321, 334, 336, 360, 361, 362, 363, 364	0.556	0.747	10	17	18	0.944	37	153	0.242	0.381
gi|9626057|ref|NP_040299.1|	270-367	fam	d.58.8.1	P	BDP42332-0_SCOP.d1r8hc_:BDP42332-0_SCOP.d1r8hd_:2	chains=diff;class=d.58.8.1	287, 289, 291, 301, 314, 315, 316, 317, 318, 319, 320, 321, 322, 325, 326, 327, 328, 334, 336, 359, 360, 361, 362, 363, 364, 366, 367	0.964	0.964	27	27	28	0.964	80	153	0.523	0.544
gi|9626057|ref|NP_040299.1|	270-367	fam	d.58.8.1	P	BDP12765-0_SCOP.d1f9fc_:BDP12765-0_SCOP.d1f9fd_:1	chains=diff;class=d.58.8.1	282, 284, 289, 301, 305, 314, 315, 316, 317, 319, 320, 321, 322, 334, 336, 360, 361, 362, 363, 364	0.571	0.759	12	20	21	0.952	38	153	0.248	0.387
gi|9626057|ref|NP_040299.1|	270-367	fam	d.58.8.1	P	BDP8514-0_SCOP.d1dhma_:BDP8514-0_SCOP.d1dhmb_:1	chains=diff;class=d.58.8.1	287, 289, 301, 314, 315, 316, 317, 319, 320, 321, 322, 323, 334, 335, 336, 359, 360, 361, 362, 363, 364	0.500	0.747	11	21	22	0.955	40	153	0.261	0.411
gi|9626057|ref|NP_040299.1|	270-367	fam	d.58.8.1	P	BDP52835-0_SCOP.d1vhia_:BDP52835-0_SCOP.d1vhib_:1	chains=diff;class=d.58.8.1	283, 288, 290, 301, 302, 303, 304, 305, 306, 307, 308, 309, 310, 311, 312, 313, 314, 315, 316, 321, 322, 323, 324, 325, 331, 332, 334, 336, 338, 340, 342, 359, 360, 361, 362, 363, 364, 365, 366, 367	0.151	0.399	8	40	53	0.755	15	153	0.098	0.284
gi|9626057|ref|NP_040299.1|	270-367	fam	d.58.8.1	P	BDP63767-0_SCOP.d1zzfa1:BDP63767-0_SCOP.d1zzfb1:1	chains=diff;class=d.58.8.1	287, 289, 314, 315, 316, 317, 318, 319, 320, 321, 322, 334, 336, 359, 360, 361, 362, 363, 364	0.684	0.849	13	19	19	1.000	46	153	0.301	0.406
gi|9626057|ref|NP_040299.1|	270-367	fam	d.58.8.1	P	BDP42332-0_SCOP.d1r8ha_:BDP42332-0_SCOP.d1r8hb_:2	chains=diff;class=d.58.8.1	287, 289, 291, 301, 305, 309, 312, 313, 314, 315, 316, 317, 318, 319, 320, 321, 322, 323, 325, 326, 327, 328, 334, 336, 338, 359, 360, 361, 362, 363, 364, 366, 367	0.941	0.954	32	33	34	0.971	80	153	0.523	0.544
gi|9626057|ref|NP_040299.1|	270-367	fam	d.58.8.1	P	BDP3003-0_SCOP.d1b3ta_:BDP3003-0_SCOP.d1b3tb_:2	chains=diff;class=d.58.8.1	283, 288, 290, 301, 302, 303, 304, 305, 306, 307, 308, 309, 310, 311, 312, 313, 314, 321, 322, 323, 324, 325, 330, 331, 332, 334, 336, 338, 340, 342, 344, 359, 360, 361, 362, 363, 364, 365, 366, 367	0.145	0.389	8	40	55	0.727	15	153	0.098	0.284
gi|9626057|ref|NP_040299.1|	270-367	fam	d.58.8.1	P	BDP12765-0_SCOP.d1f9fa_:BDP12765-0_SCOP.d1f9fb_:2	chains=diff;class=d.58.8.1	289, 301, 314, 315, 316, 317, 318, 319, 320, 321, 322, 334, 336, 359, 360, 361, 362, 363, 364	0.600	0.767	12	19	20	0.950	38	153	0.248	0.387
gi|9626057|ref|NP_040299.1|	270-367	fam	d.58.8.1	P	BDP12765-0_SCOP.d1f9fc_:BDP12765-0_SCOP.d1f9fd_:2	chains=diff;class=d.58.8.1	284, 287, 289, 301, 305, 314, 315, 316, 317, 319, 320, 321, 322, 323, 324, 328, 334, 336, 359, 360, 361, 362, 363, 364	0.480	0.714	12	24	25	0.960	38	153	0.248	0.387
gi|9626057|ref|NP_040299.1|	270-367	fam	d.58.8.1	P	BDP23269-0_SCOP.d1jjha_:BDP23269-0_SCOP.d1jjhb_:2	chains=diff;class=d.58.8.1	287, 301, 305, 314, 315, 316, 317, 318, 319, 320, 321, 322, 323, 334, 343, 344, 347, 358, 359, 361, 362, 363, 364, 365, 366, 367	0.296	0.573	8	26	27	0.963	25	153	0.163	0.348
gi|9626057|ref|NP_040299.1|	270-367	fam	d.58.8.1	P	BDP52835-0_SCOP.d1vhia_:BDP52835-0_SCOP.d1vhib_:2	chains=diff;class=d.58.8.1	283, 288, 290, 298, 301, 302, 303, 304, 305, 306, 307, 308, 309, 310, 311, 312, 313, 314, 321, 322, 323, 324, 325, 331, 332, 334, 336, 338, 340, 359, 360, 361, 362, 363, 364, 365, 366, 367	0.137	0.386	7	38	51	0.745	15	153	0.098	0.284
gi|9626057|ref|NP_040299.1|	270-367	fam	d.58.8.1	P	BDP23269-0_SCOP.d1jjha_:BDP23269-0_SCOP.d1jjhb_:1	chains=diff;class=d.58.8.1	301, 305, 314, 315, 316, 317, 318, 319, 320, 321, 322, 334, 343, 347, 358, 359, 361, 362, 363, 364, 365, 366, 367	0.292	0.556	7	23	24	0.958	25	153	0.163	0.348
gi|9626057|ref|NP_040299.1|	270-367	fam	d.58.8.1	P	BDP42351-0_SCOP.d1r8pa_:BDP42351-0_SCOP.d1r8pb_:1	chains=diff;class=d.58.8.1	287, 289, 301, 314, 315, 316, 317, 319, 320, 321, 322, 323, 334, 336, 357, 358, 359, 360, 361, 362, 363, 364	0.565	0.760	13	22	23	0.957	46	153	0.301	0.409
gi|9626057|ref|NP_040299.1|	270-367	fam	d.58.8.1	P	BDP42351-0_SCOP.d1r8pa_:BDP42351-0_SCOP.d1r8pb_:2	chains=diff;class=d.58.8.1	287, 289, 301, 314, 315, 316, 317, 318, 319, 320, 321, 322, 323, 334, 336, 357, 358, 359, 360, 361, 362, 363, 364	0.583	0.770	14	23	24	0.958	46	153	0.301	0.409
gi|16130338|ref|NP_416907.1|	192-325	fam	d.129.4.1	exp			192, 193, 194, 196, 198, 200, 201, 202, 203, 204, 205, 206, 207, 208, 210, 211, 213, 214, 217, 218, 219, 220, 222, 223, 224, 225, 226, 227, 228, 229, 230, 231, 232, 233, 234, 235, 236, 237, 238, 239, 240, 241, 242, 244, 246, 247, 248, 249, 250, 251, 252, 253, 255, 256, 257, 258, 259, 260, 261, 262, 264, 267, 269, 271, 273, 274, 275, 276, 277, 278, 279, 280, 281, 282, 283, 284, 286, 287, 288, 290, 291, 294, 295, 297, 299, 300, 301, 302, 303, 304, 305, 306, 307, 308, 309, 310, 311, 312, 313, 314, 315, 316, 317, 318, 319, 321, 322, 324, 325
gi|16130338|ref|NP_416907.1|	192-325	fam	d.129.4.1	L	d1y2fa1:1y2f:WAI:001	MW=423.942	194, 196, 225, 226, 228, 246, 247, 251, 252, 253, 267, 269	1.000	1.000	12	12	12	1.000	134	144	0.931	0.931
gi|16130338|ref|NP_416907.1|	192-325	fam	d.129.4.1	L	d1s1sb1:1s1s:WAC:001	MW=405.555	194, 196, 226, 228, 246, 247, 248, 249, 250, 251, 252, 253, 267, 269	1.000	1.000	14	14	14	1.000	133	144	0.924	0.925
gi|16130338|ref|NP_416907.1|	192-325	fam	d.129.4.1	L	d1y2ga1:1y2g:CL3:001	MW=343.382	194, 196, 226, 228, 246, 251, 252, 253, 267, 269, 271	1.000	1.000	11	11	11	1.000	134	144	0.931	0.931
#gi|16130338|ref|NP_416907.1|	192-325	fam	d.129.4.1	p	sub-threshold templates
gi|16130338|ref|NP_416907.1|	192-325	fam	d.129.4.1	P	BDP12408-0_SCOP.d1f46a_:BDP12408-0_SCOP.d1f46b_:2	chains=diff;class=d.129.4.1	192, 193, 194, 196, 226, 228, 246, 250, 251, 252, 253, 269, 271, 273, 275, 303	0.889	0.889	16	16	18	0.889	133	144	0.924	0.925
gi|16130338|ref|NP_416907.1|	192-325	fam	d.129.4.1	P	BDP12408-0_SCOP.d1f46a_:BDP12408-0_SCOP.d1f46b_:1	chains=diff;class=d.129.4.1	275, 276, 277, 278, 279, 280, 283, 308, 309, 310, 311, 313, 314, 317, 318, 320, 321, 324	1.000	1.000	18	18	18	1.000	133	144	0.924	0.925
